<?xml version="1.0"?><coverage lines-covered="619" lines-valid="630" line-rate="0.9825396825396825" branches-covered="0" branches-valid="0" branch-rate="0" complexity="0" version="1.9" timestamp="1764374733"><sources><source>/Users/blitz/my-oss/xla-rs</source></sources><packages><package name="src" line-rate="0.9811320754716981" branch-rate="0" complexity="0"><classes></classes></package><package name="src/tensor" line-rate="0.9754601226993865" branch-rate="0" complexity="0"><classes><class name="device" filename="src/tensor/device.rs" line-rate="1" branch-rate="0" complexity="0"><methods/><lines><line number="67" hits="2"/><line number="68" hits="2"/></lines></class><class name="mod" filename="src/tensor/mod.rs" line-rate="1" branch-rate="0" complexity="0"><methods/><lines><line number="153" hits="60124"/><line number="154" hits="300620"/><line number="155" hits="120248"/><line number="156" hits="1"/><line number="157" hits="3"/><line number="158" hits="2"/><line number="162" hits="180369"/><line number="163" hits="60123"/><line number="164" hits="120246"/><line number="165" hits="120246"/><line number="166" hits="60123"/><line number="167" hits="60123"/><line number="176" hits="320218"/><line number="177" hits="1601090"/><line number="178" hits="1280872"/><line number="179" hits="960654"/><line number="193" hits="20055"/><line number="194" hits="100275"/><line number="195" hits="80220"/><line number="196" hits="60165"/><line number="217" hits="175"/><line number="221" hits="875"/><line number="222" hits="875"/><line number="224" hits="175"/><line number="225" hits="1"/><line number="226" hits="3"/><line number="227" hits="1"/><line number="231" hits="522"/><line number="232" hits="174"/><line number="233" hits="348"/><line number="234" hits="348"/><line number="235" hits="174"/><line number="236" hits="174"/><line number="253" hits="600751"/><line number="254" hits="1201502"/><line number="255" hits="1201502"/><line number="256" hits="3604956"/><line number="257" hits="1201727"/><line number="258" hits="1201727"/><line number="260" hits="600751"/><line number="270" hits="20235"/><line number="271" hits="20235"/><line number="278" hits="2"/><line number="279" hits="2"/><line number="283" hits="101722"/><line number="284" hits="101722"/><line number="293" hits="80056"/><line number="294" hits="80056"/><line number="300" hits="1"/><line number="301" hits="3"/><line number="309" hits="1"/><line number="310" hits="5"/><line number="311" hits="4"/><line number="312" hits="4"/><line number="313" hits="3"/></lines></class><class name="ops" filename="src/tensor/ops.rs" line-rate="0.9583333333333334" branch-rate="0" complexity="0"><methods/><lines><line number="28" hits="240086"/><line number="29" hits="240086"/><line number="30" hits="2"/><line number="31" hits="6"/><line number="32" hits="2"/><line number="36" hits="720252"/><line number="38" hits="240084"/><line number="39" hits="240084"/><line number="40" hits="240084"/><line number="41" hits="720252"/><line number="42" hits="720252"/><line number="43" hits="601595"/><line number="44" hits="361511"/><line number="47" hits="240084"/><line number="79" hits="80024"/><line number="83" hits="240072"/><line number="84" hits="80024"/><line number="87" hits="240072"/><line number="88" hits="280929"/><line number="89" hits="80024"/><line number="111" hits="120107"/><line number="113" hits="0"/><line number="114" hits="360321"/><line number="118" hits="120107"/><line number="119" hits="240214"/><line number="120" hits="240214"/><line number="121" hits="240214"/><line number="122" hits="240214"/><line number="125" hits="240214"/><line number="126" hits="1"/><line number="127" hits="3"/><line number="128" hits="1"/><line number="132" hits="240212"/><line number="133" hits="120106"/><line number="134" hits="120106"/><line number="139" hits="120106"/><line number="140" hits="120106"/><line number="141" hits="120106"/><line number="142" hits="120106"/><line number="144" hits="120108"/><line number="145" hits="4"/><line number="146" hits="2"/><line number="150" hits="360312"/><line number="151" hits="120104"/><line number="152" hits="240208"/><line number="153" hits="240208"/><line number="154" hits="120104"/><line number="155" hits="120104"/><line number="168" hits="80077"/><line number="169" hits="80077"/><line number="170" hits="1"/><line number="171" hits="1"/><line number="175" hits="160152"/><line number="176" hits="320304"/><line number="179" hits="400380"/><line number="180" hits="0"/><line number="181" hits="0"/><line number="182" hits="0"/><line number="187" hits="240228"/><line number="188" hits="80076"/><line number="189" hits="160152"/><line number="190" hits="160152"/><line number="191" hits="80076"/><line number="192" hits="80076"/><line number="209" hits="41"/><line number="210" hits="82"/><line number="211" hits="1"/><line number="212" hits="4"/><line number="213" hits="1"/><line number="216" hits="40"/><line number="217" hits="1"/><line number="220" hits="78"/><line number="221" hits="156"/><line number="228" hits="117"/><line number="233" hits="115"/><line number="234" hits="76"/><line number="238" hits="76"/><line number="239" hits="76"/><line number="251" hits="114"/><line number="252" hits="114"/><line number="255" hits="38"/><line number="256" hits="76"/><line number="258" hits="76"/><line number="262" hits="76"/><line number="263" hits="76"/><line number="264" hits="76"/><line number="266" hits="125"/><line number="267" hits="279"/><line number="268" hits="3104"/><line number="271" hits="7280"/><line number="280" hits="8736"/><line number="282" hits="1456"/><line number="287" hits="38"/><line number="289" hits="1"/><line number="290" hits="1"/><line number="291" hits="1"/></lines></class><class name="storage" filename="src/tensor/storage.rs" line-rate="1" branch-rate="0" complexity="0"><methods/><lines><line number="37" hits="2"/><line number="38" hits="2"/><line number="46" hits="2"/><line number="50" hits="6"/><line number="55" hits="101722"/><line number="56" hits="101722"/><line number="58" hits="80057"/><line number="59" hits="80057"/><line number="61" hits="1"/><line number="62" hits="2"/></lines></class></classes></package><package name="src/models/gemma" line-rate="0.9632352941176471" branch-rate="0" complexity="0"><classes><class name="attention" filename="src/models/gemma/attention.rs" line-rate="0.95" branch-rate="0" complexity="0"><methods/><lines><line number="22" hits="9"/><line number="40" hits="36"/><line number="44" hits="9"/><line number="51" hits="27"/><line number="53" hits="36"/><line number="54" hits="36"/><line number="55" hits="36"/><line number="58" hits="54"/><line number="59" hits="54"/><line number="60" hits="54"/><line number="63" hits="27"/><line number="64" hits="27"/><line number="65" hits="27"/><line number="68" hits="45"/><line number="69" hits="45"/><line number="71" hits="27"/><line number="72" hits="24"/><line number="74" hits="5"/><line number="80" hits="27"/><line number="82" hits="54"/><line number="83" hits="45"/><line number="85" hits="36"/><line number="87" hits="243"/><line number="89" hits="11"/><line number="90" hits="8"/><line number="93" hits="27"/><line number="95" hits="45"/><line number="96" hits="36"/><line number="99" hits="54"/><line number="103" hits="27"/><line number="105" hits="54"/><line number="107" hits="27"/><line number="110" hits="9"/><line number="111" hits="45"/><line number="112" hits="18"/><line number="114" hits="9"/><line number="115" hits="1"/><line number="118" hits="40"/><line number="119" hits="24"/><line number="120" hits="24"/><line number="122" hits="16"/><line number="123" hits="72"/><line number="124" hits="96"/><line number="125" hits="96"/><line number="126" hits="96"/><line number="128" hits="160"/><line number="129" hits="160"/><line number="132" hits="8"/><line number="135" hits="9"/><line number="136" hits="18"/><line number="137" hits="90"/><line number="138" hits="108"/><line number="139" hits="216"/><line number="140" hits="108"/><line number="141" hits="0"/><line number="145" hits="108"/><line number="146" hits="324"/><line number="147" hits="648"/><line number="148" hits="540"/><line number="149" hits="216"/><line number="150" hits="108"/><line number="153" hits="108"/><line number="154" hits="324"/><line number="155" hits="108"/><line number="158" hits="9"/><line number="161" hits="2"/><line number="162" hits="4"/><line number="163" hits="6"/><line number="165" hits="4"/><line number="166" hits="0"/><line number="167" hits="0"/><line number="168" hits="0"/><line number="172" hits="6"/><line number="174" hits="2"/><line number="176" hits="4"/><line number="177" hits="6"/><line number="178" hits="44"/><line number="179" hits="28"/><line number="180" hits="12"/><line number="184" hits="2"/></lines></class><class name="mod" filename="src/models/gemma/mod.rs" line-rate="0.96" branch-rate="0" complexity="0"><methods/><lines><line number="23" hits="0"/><line number="36" hits="1"/><line number="58" hits="3"/><line number="59" hits="12"/><line number="60" hits="12"/><line number="62" hits="9"/><line number="63" hits="6"/><line number="65" hits="9"/><line number="78" hits="2"/><line number="85" hits="4"/><line number="87" hits="8"/><line number="88" hits="4"/><line number="89" hits="2"/><line number="90" hits="10"/><line number="92" hits="8"/><line number="94" hits="4"/><line number="95" hits="8"/><line number="96" hits="8"/><line number="98" hits="8"/><line number="100" hits="2"/><line number="116" hits="1"/><line number="123" hits="3"/><line number="125" hits="5"/><line number="126" hits="14"/><line number="129" hits="3"/></lines></class><class name="rope" filename="src/models/gemma/rope.rs" line-rate="1" branch-rate="0" complexity="0"><methods/><lines><line number="10" hits="18"/><line number="16" hits="90"/><line number="20" hits="90"/><line number="28" hits="18"/><line number="29" hits="36"/><line number="31" hits="64"/><line number="36" hits="138"/><line number="37" hits="184"/><line number="38" hits="184"/><line number="40" hits="812"/><line number="41" hits="1800"/><line number="42" hits="1800"/><line number="44" hits="1080"/><line number="45" hits="1080"/><line number="48" hits="1440"/><line number="49" hits="1080"/><line number="54" hits="18"/><line number="58" hits="2"/><line number="63" hits="4"/><line number="64" hits="6"/><line number="65" hits="6"/><line number="67" hits="6"/><line number="68" hits="6"/><line number="70" hits="22"/><line number="71" hits="220"/><line number="73" hits="200"/><line number="74" hits="900"/><line number="75" hits="500"/><line number="77" hits="300"/><line number="78" hits="200"/><line number="82" hits="2"/></lines></class></classes></package><package name="src/models" line-rate="0.9632352941176471" branch-rate="0" complexity="0"><classes></classes></package><package name="src/autograd" line-rate="1" branch-rate="0" complexity="0"><classes><class name="engine" filename="src/autograd/engine.rs" line-rate="1" branch-rate="0" complexity="0"><methods/><lines><line number="25" hits="20019"/><line number="26" hits="40038"/><line number="28" hits="40032"/><line number="29" hits="40032"/><line number="31" hits="80064"/><line number="33" hits="420104"/><line number="34" hits="180028"/><line number="39" hits="200031"/><line number="44" hits="400062"/><line number="45" hits="600093"/><line number="46" hits="20003"/><line number="48" hits="540084"/><line number="50" hits="720086"/><line number="51" hits="540045"/><line number="54" hits="540084"/></lines></class><class name="functional" filename="src/autograd/functional.rs" line-rate="1" branch-rate="0" complexity="0"><methods/><lines><line number="14" hits="2"/><line number="19" hits="2"/><line number="20" hits="6"/><line number="21" hits="6"/><line number="22" hits="4"/><line number="25" hits="4"/><line number="26" hits="3"/><line number="27" hits="2"/><line number="29" hits="2"/><line number="39" hits="2"/><line number="46" hits="2"/><line number="47" hits="6"/><line number="48" hits="6"/><line number="49" hits="4"/><line number="51" hits="4"/><line number="52" hits="5"/><line number="53" hits="2"/><line number="55" hits="2"/><line number="58" hits="2"/></lines></class><class name="mod" filename="src/autograd/mod.rs" line-rate="1" branch-rate="0" complexity="0"><methods/><lines><line number="74" hits="60038"/><line number="77" hits="180114"/><line number="85" hits="1"/><line number="88" hits="3"/><line number="89" hits="1"/><line number="97" hits="20018"/><line number="99" hits="40033"/><line number="100" hits="60045"/><line number="103" hits="60054"/></lines></class><class name="ops" filename="src/autograd/ops.rs" line-rate="1" branch-rate="0" complexity="0"><methods/><lines><line number="30" hits="60006"/><line number="31" hits="120012"/><line number="37" hits="120012"/><line number="38" hits="60008"/><line number="39" hits="4"/><line number="41" hits="120010"/><line number="47" hits="120012"/><line number="48" hits="60010"/><line number="49" hits="8"/><line number="51" hits="120008"/><line number="57" hits="60006"/><line number="58" hits="120012"/><line number="68" hits="60014"/><line number="69" hits="180042"/><line number="71" hits="120028"/><line number="72" hits="180036"/><line number="73" hits="180033"/><line number="75" hits="100018"/><line number="76" hits="60006"/><line number="84" hits="240056"/><line number="86" hits="180042"/><line number="87" hits="180042"/><line number="88" hits="180042"/><line number="89" hits="120028"/><line number="90" hits="60014"/><line number="99" hits="60014"/><line number="125" hits="40013"/><line number="126" hits="80026"/><line number="131" hits="80026"/><line number="132" hits="120039"/><line number="133" hits="40023"/><line number="134" hits="20"/><line number="136" hits="40008"/><line number="141" hits="80026"/><line number="142" hits="120039"/><line number="143" hits="80027"/><line number="144" hits="80028"/><line number="146" hits="20006"/><line number="152" hits="40013"/><line number="153" hits="80026"/><line number="163" hits="40012"/><line number="164" hits="120036"/><line number="166" hits="80024"/><line number="167" hits="80020"/><line number="168" hits="60012"/><line number="170" hits="80014"/><line number="171" hits="60003"/><line number="174" hits="160048"/><line number="176" hits="120036"/><line number="177" hits="120036"/><line number="178" hits="120036"/><line number="179" hits="120036"/><line number="180" hits="120036"/><line number="181" hits="80024"/><line number="182" hits="40012"/><line number="188" hits="40012"/><line number="215" hits="40005"/><line number="216" hits="80010"/><line number="219" hits="80010"/><line number="220" hits="160020"/><line number="221" hits="200025"/><line number="222" hits="40007"/><line number="223" hits="4"/><line number="225" hits="40004"/><line number="231" hits="80010"/><line number="232" hits="160020"/><line number="233" hits="200025"/><line number="234" hits="40007"/><line number="235" hits="4"/><line number="237" hits="40004"/><line number="243" hits="40005"/><line number="244" hits="80010"/><line number="252" hits="40015"/><line number="253" hits="160060"/><line number="255" hits="80030"/><line number="256" hits="80027"/><line number="257" hits="60018"/><line number="259" hits="40017"/><line number="260" hits="3"/><line number="263" hits="160060"/><line number="265" hits="120045"/><line number="266" hits="120045"/><line number="267" hits="120045"/><line number="268" hits="120045"/><line number="269" hits="120045"/><line number="270" hits="80030"/><line number="271" hits="40015"/><line number="274" hits="40015"/><line number="275" hits="80030"/><line number="276" hits="40015"/><line number="277" hits="40015"/></lines></class></classes></package><package name="kernels/src" line-rate="1" branch-rate="0" complexity="0"><classes><class name="cpu_matmul" filename="kernels/src/cpu_matmul.rs" line-rate="1" branch-rate="0" complexity="0"><methods/><lines><line number="20" hits="120109"/><line number="29" hits="240218"/><line number="30" hits="240218"/><line number="31" hits="240218"/><line number="33" hits="120109"/><line number="34" hits="3"/><line number="35" hits="9"/><line number="36" hits="3"/><line number="40" hits="240212"/><line number="41" hits="120106"/><line number="42" hits="120106"/><line number="43" hits="600530"/><line number="44" hits="480424"/><line number="50" hits="480424"/><line number="56" hits="120106"/><line number="58" hits="240212"/><line number="60" hits="320386"/><line number="61" hits="400560"/><line number="62" hits="400560"/><line number="65" hits="400560"/><line number="67" hits="400560"/><line number="69" hits="600840"/><line number="70" hits="801120"/><line number="72" hits="1529034"/><line number="77" hits="1392291"/><line number="78" hits="1856388"/><line number="80" hits="928194"/><line number="82" hits="5159469"/><line number="83" hits="1892656"/><line number="85" hits="464097"/><line number="89" hits="120106"/></lines></class><class name="cpu_transpose" filename="kernels/src/cpu_transpose.rs" line-rate="1" branch-rate="0" complexity="0"><methods/><lines><line number="12" hits="200184"/><line number="16" hits="400368"/><line number="17" hits="400368"/><line number="19" hits="400368"/><line number="20" hits="800736"/><line number="21" hits="1000920"/><line number="22" hits="800736"/><line number="27" hits="200184"/><line number="29" hits="400368"/><line number="31" hits="744231"/><line number="33" hits="1088094"/><line number="34" hits="1088094"/><line number="37" hits="1088094"/><line number="40" hits="5129652"/><line number="43" hits="2331674"/><line number="47" hits="200184"/></lines></class></classes></package><package name="src/nn" line-rate="0.9866666666666667" branch-rate="0" complexity="0"><classes><class name="activation" filename="src/nn/activation.rs" line-rate="1" branch-rate="0" complexity="0"><methods/><lines><line number="7" hits="771"/><line number="8" hits="3084"/><line number="9" hits="1542"/><line number="10" hits="2313"/><line number="18" hits="4"/><line number="21" hits="8"/></lines></class><class name="linear" filename="src/nn/linear.rs" line-rate="1" branch-rate="0" complexity="0"><methods/><lines><line number="75" hits="51"/><line number="93" hits="53"/><line number="104" hits="159"/><line number="106" hits="53"/><line number="107" hits="245"/><line number="109" hits="294"/><line number="110" hits="196"/><line number="112" hits="99"/><line number="113" hits="7"/><line number="115" hits="47"/><line number="118" hits="144"/><line number="119" hits="240"/><line number="122" hits="96"/><line number="123" hits="144"/><line number="124" hits="96"/><line number="125" hits="48"/><line number="133" hits="16"/><line number="135" hits="16"/><line number="136" hits="10"/><line number="137" hits="9"/><line number="138" hits="9"/><line number="140" hits="6"/><line number="141" hits="1"/><line number="142" hits="3"/><line number="143" hits="3"/><line number="147" hits="6"/><line number="148" hits="4"/><line number="149" hits="6"/><line number="151" hits="11"/><line number="152" hits="45"/><line number="153" hits="10"/><line number="156" hits="2"/><line number="158" hits="1"/><line number="160" hits="3"/><line number="165" hits="2"/><line number="166" hits="4"/><line number="167" hits="4"/><line number="169" hits="2"/><line number="170" hits="1"/><line number="171" hits="3"/><line number="172" hits="1"/><line number="176" hits="3"/><line number="178" hits="6"/><line number="179" hits="22"/><line number="180" hits="4"/><line number="184" hits="1"/></lines></class><class name="moe" filename="src/nn/moe.rs" line-rate="0.974025974025974" branch-rate="0" complexity="0"><methods/><lines><line number="83" hits="1"/><line number="98" hits="1"/><line number="102" hits="4"/><line number="104" hits="4"/><line number="106" hits="4"/><line number="107" hits="4"/><line number="109" hits="1"/><line number="111" hits="2"/><line number="112" hits="4"/><line number="113" hits="4"/><line number="114" hits="3"/><line number="115" hits="6"/><line number="116" hits="2"/><line number="117" hits="2"/><line number="118" hits="2"/><line number="119" hits="10"/><line number="120" hits="2"/><line number="122" hits="14"/><line number="124" hits="4"/><line number="126" hits="4"/><line number="127" hits="4"/><line number="128" hits="6"/><line number="130" hits="8"/><line number="131" hits="12"/><line number="132" hits="10"/><line number="133" hits="4"/><line number="134" hits="4"/><line number="137" hits="4"/><line number="139" hits="6"/><line number="140" hits="6"/><line number="141" hits="2"/><line number="145" hits="1"/><line number="160" hits="1"/><line number="190" hits="1"/><line number="191" hits="4"/><line number="192" hits="5"/><line number="194" hits="4"/><line number="196" hits="6"/><line number="197" hits="6"/><line number="199" hits="3"/><line number="200" hits="3"/><line number="202" hits="3"/><line number="203" hits="6"/><line number="204" hits="6"/><line number="205" hits="6"/><line number="206" hits="8"/><line number="207" hits="4"/><line number="211" hits="0"/><line number="212" hits="3"/><line number="213" hits="1"/><line number="216" hits="3"/><line number="217" hits="6"/><line number="218" hits="4"/><line number="219" hits="0"/><line number="222" hits="6"/><line number="223" hits="6"/><line number="225" hits="8"/><line number="226" hits="6"/><line number="227" hits="10"/><line number="230" hits="10"/><line number="232" hits="10"/><line number="234" hits="10"/><line number="235" hits="10"/><line number="237" hits="2"/><line number="238" hits="6"/><line number="239" hits="4"/><line number="240" hits="2"/><line number="245" hits="3"/><line number="247" hits="9"/><line number="248" hits="6"/><line number="249" hits="8"/><line number="250" hits="4"/><line number="251" hits="4"/><line number="252" hits="4"/><line number="254" hits="10"/><line number="255" hits="8"/><line number="260" hits="1"/></lines></class><class name="norm" filename="src/nn/norm.rs" line-rate="1" branch-rate="0" complexity="0"><methods/><lines><line number="22" hits="7"/><line number="29" hits="9"/><line number="33" hits="27"/><line number="34" hits="18"/><line number="35" hits="27"/><line number="36" hits="1"/><line number="37" hits="3"/><line number="38" hits="3"/><line number="42" hits="24"/><line number="44" hits="8"/><line number="45" hits="16"/><line number="46" hits="32"/><line number="47" hits="23"/><line number="48" hits="30"/><line number="49" hits="2712"/><line number="50" hits="1798"/><line number="52" hits="60"/><line number="53" hits="45"/><line number="55" hits="1813"/><line number="56" hits="3596"/><line number="60" hits="8"/></lines></class></classes></package><package name="tests" line-rate="0" branch-rate="0" complexity="0"><classes></classes></package><package name="kernels/benches" line-rate="0" branch-rate="0" complexity="0"><classes></classes></package><package name="" line-rate="0.9825396825396825" branch-rate="0" complexity="0"><classes></classes></package></packages></coverage>